Using pre-set license
Built from '2022.3/staging' branch; Version is '2022.3.2f1 (d74737c6db50) revision 14108471'; Using compiler version '192829333'; Build Type 'Release'
OS: 'Windows 11  (10.0.22621) 64bit Core' Language: 'de' Physical Memory: 16263 MB
BatchMode: 1, IsHumanControllingUs: 0, StartBugReporterOnCrash: 0, Is64bit: 1, IsPro: 1

COMMAND LINE ARGUMENTS:
C:\Program Files\Unity\Hub\Editor\2022.3.2f1\Editor\Unity.exe
-adb2
-batchMode
-noUpm
-name
AssetImportWorker0
-projectPath
C:/Users/carla/OneDrive/Desktop/CubicVisionsProject/CubicVisions
-logFile
Logs/AssetImportWorker0.log
-srvPort
50038
Successfully changed project path to: C:/Users/carla/OneDrive/Desktop/CubicVisionsProject/CubicVisions
C:/Users/carla/OneDrive/Desktop/CubicVisionsProject/CubicVisions
[UnityMemory] Configuration Parameters - Can be set up in boot.config
    "memorysetup-bucket-allocator-granularity=16"
    "memorysetup-bucket-allocator-bucket-count=8"
    "memorysetup-bucket-allocator-block-size=33554432"
    "memorysetup-bucket-allocator-block-count=8"
    "memorysetup-main-allocator-block-size=16777216"
    "memorysetup-thread-allocator-block-size=16777216"
    "memorysetup-gfx-main-allocator-block-size=16777216"
    "memorysetup-gfx-thread-allocator-block-size=16777216"
    "memorysetup-cache-allocator-block-size=4194304"
    "memorysetup-typetree-allocator-block-size=2097152"
    "memorysetup-profiler-bucket-allocator-granularity=16"
    "memorysetup-profiler-bucket-allocator-bucket-count=8"
    "memorysetup-profiler-bucket-allocator-block-size=33554432"
    "memorysetup-profiler-bucket-allocator-block-count=8"
    "memorysetup-profiler-allocator-block-size=16777216"
    "memorysetup-profiler-editor-allocator-block-size=1048576"
    "memorysetup-temp-allocator-size-main=16777216"
    "memorysetup-job-temp-allocator-block-size=2097152"
    "memorysetup-job-temp-allocator-block-size-background=1048576"
    "memorysetup-job-temp-allocator-reduction-small-platforms=262144"
    "memorysetup-allocator-temp-initial-block-size-main=262144"
    "memorysetup-allocator-temp-initial-block-size-worker=262144"
    "memorysetup-temp-allocator-size-background-worker=32768"
    "memorysetup-temp-allocator-size-job-worker=262144"
    "memorysetup-temp-allocator-size-preload-manager=33554432"
    "memorysetup-temp-allocator-size-nav-mesh-worker=65536"
    "memorysetup-temp-allocator-size-audio-worker=65536"
    "memorysetup-temp-allocator-size-cloud-worker=32768"
    "memorysetup-temp-allocator-size-gi-baking-worker=262144"
    "memorysetup-temp-allocator-size-gfx=262144"
Player connection [21056] Host "[IP] 10.181.134.20 [Port] 0 [Flags] 2 [Guid] 3543949587 [EditorId] 3543949587 [Version] 1048832 [Id] WindowsEditor(7,HPcarla) [Debug] 1 [PackageName] WindowsEditor [ProjectName] Editor" joined multi-casting on [225.0.0.222:54997]...

Player connection [21056] Host "[IP] 10.181.134.20 [Port] 0 [Flags] 2 [Guid] 3543949587 [EditorId] 3543949587 [Version] 1048832 [Id] WindowsEditor(7,HPcarla) [Debug] 1 [PackageName] WindowsEditor [ProjectName] Editor" joined alternative multi-casting on [225.0.0.222:34997]...

Refreshing native plugins compatible for Editor in 41.67 ms, found 4 plugins.
Preloading 0 native plugins for Editor in 0.00 ms.
Initialize engine version: 2022.3.2f1 (d74737c6db50)
[Subsystems] Discovering subsystems at path C:/Program Files/Unity/Hub/Editor/2022.3.2f1/Editor/Data/Resources/UnitySubsystems
[Subsystems] Discovering subsystems at path C:/Users/carla/OneDrive/Desktop/CubicVisionsProject/CubicVisions/Assets
GfxDevice: creating device client; threaded=0; jobified=0
Direct3D:
    Version:  Direct3D 11.0 [level 11.1]
    Renderer: NVIDIA GeForce MX150 (ID=0x1d10)
    Vendor:   NVIDIA
    VRAM:     1982 MB
    Driver:   31.0.15.4633
Initialize mono
Mono path[0] = 'C:/Program Files/Unity/Hub/Editor/2022.3.2f1/Editor/Data/Managed'
Mono path[1] = 'C:/Program Files/Unity/Hub/Editor/2022.3.2f1/Editor/Data/MonoBleedingEdge/lib/mono/unityjit-win32'
Mono config path = 'C:/Program Files/Unity/Hub/Editor/2022.3.2f1/Editor/Data/MonoBleedingEdge/etc'
Using monoOptions --debugger-agent=transport=dt_socket,embedding=1,server=y,suspend=n,address=127.0.0.1:56112
Begin MonoManager ReloadAssembly
Registering precompiled unity dll's ...
Register platform support module: C:/Program Files/Unity/Hub/Editor/2022.3.2f1/Editor/Data/PlaybackEngines/WebGLSupport/UnityEditor.WebGL.Extensions.dll
Register platform support module: C:/Program Files/Unity/Hub/Editor/2022.3.2f1/Editor/Data/PlaybackEngines/WindowsStandaloneSupport/UnityEditor.WindowsStandalone.Extensions.dll
Registered in 0.030465 seconds.
- Loaded All Assemblies, in  0.912 seconds
Native extension for WindowsStandalone target not found
Native extension for WebGL target not found
Mono: successfully reloaded assembly
- Finished resetting the current domain, in  0.671 seconds
Domain Reload Profiling: 1579ms
	BeginReloadAssembly (220ms)
		ExecutionOrderSort (0ms)
		DisableScriptedObjects (0ms)
		BackupInstance (0ms)
		ReleaseScriptingObjects (0ms)
		CreateAndSetChildDomain (2ms)
	RebuildCommonClasses (83ms)
	RebuildNativeTypeToScriptingClass (38ms)
	initialDomainReloadingComplete (158ms)
	LoadAllAssembliesAndSetupDomain (407ms)
		LoadAssemblies (214ms)
		RebuildTransferFunctionScriptingTraits (0ms)
		AnalyzeDomain (392ms)
			TypeCache.Refresh (389ms)
				TypeCache.ScanAssembly (355ms)
			ScanForSourceGeneratedMonoScriptInfo (1ms)
			ResolveRequiredComponents (1ms)
	FinalizeReload (673ms)
		ReleaseScriptCaches (0ms)
		RebuildScriptCaches (0ms)
		SetupLoadedEditorAssemblies (519ms)
			LogAssemblyErrors (0ms)
			InitializePlatformSupportModulesInManaged (21ms)
			SetLoadedEditorAssemblies (14ms)
			RefreshPlugins (0ms)
			BeforeProcessingInitializeOnLoad (8ms)
			ProcessInitializeOnLoadAttributes (341ms)
			ProcessInitializeOnLoadMethodAttributes (134ms)
			AfterProcessingInitializeOnLoad (0ms)
			EditorAssembliesLoaded (0ms)
		ExecutionOrderSort2 (0ms)
		AwakeInstancesAfterBackupRestoration (0ms)
========================================================================
Worker process is ready to serve import requests
Begin MonoManager ReloadAssembly
- Loaded All Assemblies, in  2.018 seconds
Refreshing native plugins compatible for Editor in 12.87 ms, found 4 plugins.
Native extension for WindowsStandalone target not found
Native extension for WebGL target not found
Package Manager log level set to [2]
[Package Manager] Server::EnsureServerProcessIsRunning -- launch failed, reason: Unity was launched with the -noUpm command-line argument
[Package Manager] UpmClient::Send -- Unable to send message (not connected to UPM process).
[Package Manager] Cannot connect to Unity Package Manager local server
Mono: successfully reloaded assembly
- Finished resetting the current domain, in  1.857 seconds
Domain Reload Profiling: 3869ms
	BeginReloadAssembly (354ms)
		ExecutionOrderSort (0ms)
		DisableScriptedObjects (12ms)
		BackupInstance (0ms)
		ReleaseScriptingObjects (0ms)
		CreateAndSetChildDomain (54ms)
	RebuildCommonClasses (119ms)
	RebuildNativeTypeToScriptingClass (50ms)
	initialDomainReloadingComplete (120ms)
	LoadAllAssembliesAndSetupDomain (1368ms)
		LoadAssemblies (726ms)
		RebuildTransferFunctionScriptingTraits (0ms)
		AnalyzeDomain (814ms)
			TypeCache.Refresh (765ms)
				TypeCache.ScanAssembly (733ms)
			ScanForSourceGeneratedMonoScriptInfo (36ms)
			ResolveRequiredComponents (13ms)
	FinalizeReload (1858ms)
		ReleaseScriptCaches (0ms)
		RebuildScriptCaches (0ms)
		SetupLoadedEditorAssemblies (1458ms)
			LogAssemblyErrors (0ms)
			InitializePlatformSupportModulesInManaged (20ms)
			SetLoadedEditorAssemblies (8ms)
			RefreshPlugins (0ms)
			BeforeProcessingInitializeOnLoad (167ms)
			ProcessInitializeOnLoadAttributes (1200ms)
			ProcessInitializeOnLoadMethodAttributes (46ms)
			AfterProcessingInitializeOnLoad (16ms)
			EditorAssembliesLoaded (0ms)
		ExecutionOrderSort2 (0ms)
		AwakeInstancesAfterBackupRestoration (18ms)
Launched and connected shader compiler UnityShaderCompiler.exe after 0.11 seconds
Refreshing native plugins compatible for Editor in 17.42 ms, found 4 plugins.
Preloading 0 native plugins for Editor in 0.00 ms.
Unloading 3323 Unused Serialized files (Serialized files now loaded: 0)
Unloading 34 unused Assets / (57.9 KB). Loaded Objects now: 3785.
Memory consumption went from 124.7 MB to 124.7 MB.
Total: 9.084200 ms (FindLiveObjects: 0.417800 ms CreateObjectMapping: 0.381300 ms MarkObjects: 8.083100 ms  DeleteObjects: 0.200300 ms)

AssetImportParameters requested are different than current active one (requested -> active):
  custom:container-demuxer-ogg: 62fdf1f143b41e24485cea50d1cbac27 -> 
  custom:video-decoder-ogg-theora: a1e56fd34408186e4bbccfd4996cb3dc -> 
  custom:framework-win-MediaFoundation: 216162199b28c13a410421893ffa2e32 -> 
  custom:container-demuxer-webm: 4f35f7cbe854078d1ac9338744f61a02 -> 
  custom:container-muxer-webm: aa71ff27fc2769a1b78a27578f13a17b -> 
  custom:video-decoder-webm-vp8: 9c59270c3fd7afecdb556c50c9e8de78 -> 
  custom:AudioImporter_EditorPlatform: d09bf68614088b80899f8185d706f6e7 -> 
  custom:video-encoder-webm-vp8: eb34c28f22e8b96e1ab97ce403110664 -> 
  custom:audio-decoder-ogg-vorbis: bf7c407c2cedff20999df2af8eb42d56 -> 
  custom:audio-encoder-webm-vorbis: bf7c407c2cedff20999df2af8eb42d56 -> 
========================================================================
Received Import Request.
  Time since last request: 473.864956 seconds.
  path: Assets/Resources/Materials/black.mat
  artifactKey: Guid(19e073703ee2ce34c931c5f9ee044874) Importer(815301076,1909f56bfc062723c751e8b465ee728b)
Start importing Assets/Resources/Materials/black.mat using Guid(19e073703ee2ce34c931c5f9ee044874) Importer(815301076,1909f56bfc062723c751e8b465ee728b)  -> (artifact id: 'c525803574c119806c85d591b0919567') in 0.281996 seconds
Number of updated asset objects reloaded before import = 0
Number of asset objects unloaded after import = 1
========================================================================
Received Import Request.
  Time since last request: 0.000086 seconds.
  path: Assets/Resources/Materials/turquoise.mat
  artifactKey: Guid(2f50182d55d31584f9c1ba004d4f20d1) Importer(815301076,1909f56bfc062723c751e8b465ee728b)
Start importing Assets/Resources/Materials/turquoise.mat using Guid(2f50182d55d31584f9c1ba004d4f20d1) Importer(815301076,1909f56bfc062723c751e8b465ee728b)  -> (artifact id: '84a2aca406ac71159c263fd88028d56b') in 0.020523 seconds
Number of updated asset objects reloaded before import = 0
Number of asset objects unloaded after import = 1
========================================================================
Received Import Request.
  Time since last request: 0.000048 seconds.
  path: Assets/Resources/Materials/selection grid.mat
  artifactKey: Guid(b95c40212cb7591489625b5138db5150) Importer(815301076,1909f56bfc062723c751e8b465ee728b)
Start importing Assets/Resources/Materials/selection grid.mat using Guid(b95c40212cb7591489625b5138db5150) Importer(815301076,1909f56bfc062723c751e8b465ee728b)  -> (artifact id: '6519369e373af9d65168457bbf90e025') in 0.024735 seconds
Number of updated asset objects reloaded before import = 0
Number of asset objects unloaded after import = 1
========================================================================
Received Import Request.
  Time since last request: 0.000030 seconds.
  path: Assets/Resources/Materials/pink.mat
  artifactKey: Guid(eed0971976c679543b38fdc4f9302f82) Importer(815301076,1909f56bfc062723c751e8b465ee728b)
Start importing Assets/Resources/Materials/pink.mat using Guid(eed0971976c679543b38fdc4f9302f82) Importer(815301076,1909f56bfc062723c751e8b465ee728b)  -> (artifact id: 'fec8da505cd5657c0cca3d62f1ba2f47') in 0.022340 seconds
Number of updated asset objects reloaded before import = 0
Number of asset objects unloaded after import = 1
========================================================================
Received Import Request.
  Time since last request: 3.025454 seconds.
  path: Assets/Resources/Sound/mixkit-gear-fast-lock-tap-2857.wav
  artifactKey: Guid(8a9342f8a4f00a14786a8f9892b0c18c) Importer(815301076,1909f56bfc062723c751e8b465ee728b)
Start importing Assets/Resources/Sound/mixkit-gear-fast-lock-tap-2857.wav using Guid(8a9342f8a4f00a14786a8f9892b0c18c) Importer(815301076,1909f56bfc062723c751e8b465ee728b)  -> (artifact id: '3c36d90ab31c8c02335b7649bdba948a') in 0.070264 seconds
Number of updated asset objects reloaded before import = 0
Number of asset objects unloaded after import = 2
========================================================================
Received Import Request.
  Time since last request: 2192.940130 seconds.
  path: Assets/Resources/Prefabs
  artifactKey: Guid(a0fc4af498b3ec24a96ea1db315e327e) Importer(815301076,1909f56bfc062723c751e8b465ee728b)
Start importing Assets/Resources/Prefabs using Guid(a0fc4af498b3ec24a96ea1db315e327e) Importer(815301076,1909f56bfc062723c751e8b465ee728b)  -> (artifact id: 'c60e16ffd50325692d1623af514acf3d') in 0.021185 seconds
Number of updated asset objects reloaded before import = 0
Number of asset objects unloaded after import = 0
========================================================================
Received Import Request.
  Time since last request: 0.924535 seconds.
  path: Assets/Resources/Prefabs/Toolkit
  artifactKey: Guid(92f304a52e4816e45abf31fbd8038306) Importer(815301076,1909f56bfc062723c751e8b465ee728b)
Start importing Assets/Resources/Prefabs/Toolkit using Guid(92f304a52e4816e45abf31fbd8038306) Importer(815301076,1909f56bfc062723c751e8b465ee728b)  -> (artifact id: '25277660c50419115bfc77b6c991a5e8') in 0.001281 seconds
Number of updated asset objects reloaded before import = 0
Number of asset objects unloaded after import = 0
========================================================================
Received Import Request.
  Time since last request: 0.171271 seconds.
  path: Assets/Resources/Prefabs/Toolkit/BasketballHoop.fbx
  artifactKey: Guid(344653f434dd7f24a938226e9c498990) Importer(815301076,1909f56bfc062723c751e8b465ee728b)
Start importing Assets/Resources/Prefabs/Toolkit/BasketballHoop.fbx using Guid(344653f434dd7f24a938226e9c498990) Importer(815301076,1909f56bfc062723c751e8b465ee728b)  -> (artifact id: '3e444b6e2212ec18b4d32c87d16df4f9') in 9.227733 seconds
Number of updated asset objects reloaded before import = 0
Number of asset objects unloaded after import = 806
========================================================================
Received Import Request.
  Time since last request: 44.747738 seconds.
  path: Assets/Resources/Prefabs/Toolkit/BasketballHoop.fbx
  artifactKey: Guid(344653f434dd7f24a938226e9c498990) Importer(815301076,1909f56bfc062723c751e8b465ee728b)
Start importing Assets/Resources/Prefabs/Toolkit/BasketballHoop.fbx using Guid(344653f434dd7f24a938226e9c498990) Importer(815301076,1909f56bfc062723c751e8b465ee728b)  -> (artifact id: 'e1e2cea2203d4be6702d6e718f93f03e') in 0.114427 seconds
Number of updated asset objects reloaded before import = 0
Number of asset objects unloaded after import = 15
========================================================================
Received Import Request.
  Time since last request: 147.969823 seconds.
  path: Assets/Resources/Prefabs/Toolkit/Bench.fbx
  artifactKey: Guid(8730c27e672198b4386fd4aa8af51f31) Importer(815301076,1909f56bfc062723c751e8b465ee728b)
Start importing Assets/Resources/Prefabs/Toolkit/Bench.fbx using Guid(8730c27e672198b4386fd4aa8af51f31) Importer(815301076,1909f56bfc062723c751e8b465ee728b)  -> (artifact id: 'df0439153c2a6de4a00a7d4167c0903b') in 0.212122 seconds
Number of updated asset objects reloaded before import = 0
Number of asset objects unloaded after import = 16
========================================================================
Received Import Request.
  Time since last request: 0.000057 seconds.
  path: Assets/Resources/Prefabs/Toolkit/Carrousel.fbx
  artifactKey: Guid(a9440850e96adad43b1835e306b281ba) Importer(815301076,1909f56bfc062723c751e8b465ee728b)
Start importing Assets/Resources/Prefabs/Toolkit/Carrousel.fbx using Guid(a9440850e96adad43b1835e306b281ba) Importer(815301076,1909f56bfc062723c751e8b465ee728b)  -> (artifact id: '00b58dc1a55ff9d8ddf0c97b9dac474e') in 0.703395 seconds
Number of updated asset objects reloaded before import = 0
Number of asset objects unloaded after import = 46
========================================================================
Received Import Request.
  Time since last request: 0.000085 seconds.
  path: Assets/Resources/Prefabs/Toolkit/ClimbingWall.fbx
  artifactKey: Guid(ba4a6291875409745bc82e08557aa02b) Importer(815301076,1909f56bfc062723c751e8b465ee728b)
Start importing Assets/Resources/Prefabs/Toolkit/ClimbingWall.fbx using Guid(ba4a6291875409745bc82e08557aa02b) Importer(815301076,1909f56bfc062723c751e8b465ee728b)  -> (artifact id: 'f85b6d95b76d216ceeac59ad6674231d') in 2.055391 seconds
Number of updated asset objects reloaded before import = 0
Number of asset objects unloaded after import = 142
========================================================================
Received Import Request.
  Time since last request: 965.316572 seconds.
  path: Assets/Resources/Prefabs/Toolkit/BasketballHoop.fbx
  artifactKey: Guid(344653f434dd7f24a938226e9c498990) Importer(815301076,1909f56bfc062723c751e8b465ee728b)
Start importing Assets/Resources/Prefabs/Toolkit/BasketballHoop.fbx using Guid(344653f434dd7f24a938226e9c498990) Importer(815301076,1909f56bfc062723c751e8b465ee728b)  -> (artifact id: '083362f5411bff538bd413d7c2040b11') in 0.159207 seconds
Number of updated asset objects reloaded before import = 0
Number of asset objects unloaded after import = 15
========================================================================
Received Import Request.
  Time since last request: 0.000047 seconds.
  path: Assets/Resources/Prefabs/Toolkit/GreenBicycleRack.fbx
  artifactKey: Guid(914784a7380f49e4bb7cefe38a635f9e) Importer(815301076,1909f56bfc062723c751e8b465ee728b)
Start importing Assets/Resources/Prefabs/Toolkit/GreenBicycleRack.fbx using Guid(914784a7380f49e4bb7cefe38a635f9e) Importer(815301076,1909f56bfc062723c751e8b465ee728b)  -> (artifact id: 'f8fb416b4f48a6716d0f936ebc3914e5') in 0.991977 seconds
Number of updated asset objects reloaded before import = 0
Number of asset objects unloaded after import = 63
========================================================================
Received Import Request.
  Time since last request: 0.000053 seconds.
  path: Assets/Resources/Prefabs/Toolkit/VendingMachine.fbx
  artifactKey: Guid(bbd219608d2561e4ea653f4f72c1154c) Importer(815301076,1909f56bfc062723c751e8b465ee728b)
Start importing Assets/Resources/Prefabs/Toolkit/VendingMachine.fbx using Guid(bbd219608d2561e4ea653f4f72c1154c) Importer(815301076,1909f56bfc062723c751e8b465ee728b)  -> (artifact id: '52e502ba0b4d07e5398b4d26e65c3202') in 0.875599 seconds
Number of updated asset objects reloaded before import = 0
Number of asset objects unloaded after import = 69
========================================================================
Received Import Request.
  Time since last request: 0.000068 seconds.
  path: Assets/Resources/Prefabs/Toolkit/Football.fbx
  artifactKey: Guid(150f664e5df301d468d7622d0f8105b2) Importer(815301076,1909f56bfc062723c751e8b465ee728b)
Start importing Assets/Resources/Prefabs/Toolkit/Football.fbx using Guid(150f664e5df301d468d7622d0f8105b2) Importer(815301076,1909f56bfc062723c751e8b465ee728b)  -> (artifact id: '39dcda892a90da20b17380ac676487d5') in 0.122498 seconds
Number of updated asset objects reloaded before import = 0
Number of asset objects unloaded after import = 12
========================================================================
Received Import Request.
  Time since last request: 0.000922 seconds.
  path: Assets/Resources/Prefabs/Toolkit/FoodTruck.fbx
  artifactKey: Guid(c2ccce57a2a1bd849a6a300260c979a8) Importer(815301076,1909f56bfc062723c751e8b465ee728b)
Start importing Assets/Resources/Prefabs/Toolkit/FoodTruck.fbx using Guid(c2ccce57a2a1bd849a6a300260c979a8) Importer(815301076,1909f56bfc062723c751e8b465ee728b)  -> (artifact id: 'e0bdc97480f739fe03ee268ec82cda06') in 0.176016 seconds
Number of updated asset objects reloaded before import = 0
Number of asset objects unloaded after import = 16
========================================================================
Received Import Request.
  Time since last request: 0.000064 seconds.
  path: Assets/Resources/Prefabs/Toolkit/OutdoorKitchen.fbx
  artifactKey: Guid(5c8a00cd86b208646b01c16f5d0c9967) Importer(815301076,1909f56bfc062723c751e8b465ee728b)
Start importing Assets/Resources/Prefabs/Toolkit/OutdoorKitchen.fbx using Guid(5c8a00cd86b208646b01c16f5d0c9967) Importer(815301076,1909f56bfc062723c751e8b465ee728b)  -> (artifact id: 'db5cc8ffb4ba75a681b2eb329471a928') in 0.200492 seconds
Number of updated asset objects reloaded before import = 0
Number of asset objects unloaded after import = 16
========================================================================
Received Import Request.
  Time since last request: 0.000065 seconds.
  path: Assets/Resources/Prefabs/Toolkit/PicknickTable.fbx
  artifactKey: Guid(191e4335f18753646800eb23e1ba5ce6) Importer(815301076,1909f56bfc062723c751e8b465ee728b)
Start importing Assets/Resources/Prefabs/Toolkit/PicknickTable.fbx using Guid(191e4335f18753646800eb23e1ba5ce6) Importer(815301076,1909f56bfc062723c751e8b465ee728b)  -> (artifact id: '67f65bbb6235e2ba4bd22b8416fd54ab') in 0.167795 seconds
Number of updated asset objects reloaded before import = 0
Number of asset objects unloaded after import = 13
========================================================================
Received Import Request.
  Time since last request: 0.000060 seconds.
  path: Assets/Resources/Prefabs/Toolkit/WaterFountain.fbx
  artifactKey: Guid(46600fa4b3cd4dd4283cf5f465a954fc) Importer(815301076,1909f56bfc062723c751e8b465ee728b)
Start importing Assets/Resources/Prefabs/Toolkit/WaterFountain.fbx using Guid(46600fa4b3cd4dd4283cf5f465a954fc) Importer(815301076,1909f56bfc062723c751e8b465ee728b)  -> (artifact id: '889c46dadb0020c583e45aebb33ea0b7') in 0.183730 seconds
Number of updated asset objects reloaded before import = 0
Number of asset objects unloaded after import = 15
========================================================================
Received Import Request.
  Time since last request: 0.000114 seconds.
  path: Assets/Resources/Prefabs/Toolkit/Greenhouse.fbx
  artifactKey: Guid(df24e0bb178fc9f45bc982710e1d22d2) Importer(815301076,1909f56bfc062723c751e8b465ee728b)
Start importing Assets/Resources/Prefabs/Toolkit/Greenhouse.fbx using Guid(df24e0bb178fc9f45bc982710e1d22d2) Importer(815301076,1909f56bfc062723c751e8b465ee728b)  -> (artifact id: '28da30f5c90bfd21da8aa11d8b02b0fb') in 0.620419 seconds
Number of updated asset objects reloaded before import = 0
Number of asset objects unloaded after import = 45
========================================================================
Received Import Request.
  Time since last request: 0.000070 seconds.
  path: Assets/Resources/Prefabs/Toolkit/PingPong.fbx
  artifactKey: Guid(9e7012d165b936745870322c826f0593) Importer(815301076,1909f56bfc062723c751e8b465ee728b)
Start importing Assets/Resources/Prefabs/Toolkit/PingPong.fbx using Guid(9e7012d165b936745870322c826f0593) Importer(815301076,1909f56bfc062723c751e8b465ee728b)  -> (artifact id: '3dcfeac48a1b972e17b0497db1fdab94') in 0.302945 seconds
Number of updated asset objects reloaded before import = 0
Number of asset objects unloaded after import = 23
========================================================================
Received Import Request.
  Time since last request: 0.000085 seconds.
  path: Assets/Resources/Prefabs/Toolkit/Bush.fbx
  artifactKey: Guid(991c6a620459cde418ac64d50979fde4) Importer(815301076,1909f56bfc062723c751e8b465ee728b)
Start importing Assets/Resources/Prefabs/Toolkit/Bush.fbx using Guid(991c6a620459cde418ac64d50979fde4) Importer(815301076,1909f56bfc062723c751e8b465ee728b)  -> (artifact id: 'd5aaea36d79012c4abf0dedd068b0545') in 0.084591 seconds
Number of updated asset objects reloaded before import = 0
Number of asset objects unloaded after import = 9
========================================================================
Received Import Request.
  Time since last request: 452.772487 seconds.
  path: Assets/Resources/Models/Wohnring_Blender.blend
  artifactKey: Guid(4c7202246f7b5004493ace488caf6d79) Importer(815301076,1909f56bfc062723c751e8b465ee728b)
Start importing Assets/Resources/Models/Wohnring_Blender.blend using Guid(4c7202246f7b5004493ace488caf6d79) Importer(815301076,1909f56bfc062723c751e8b465ee728b)  -> (artifact id: '6b9fa47762626c1e840d828a812e48d5') in 3.042529 seconds
Number of updated asset objects reloaded before import = 0
Number of asset objects unloaded after import = 897
========================================================================
Received Import Request.
  Time since last request: 49.364815 seconds.
  path: Assets/Resources/Models/Wohnring_Blender.blend
  artifactKey: Guid(4c7202246f7b5004493ace488caf6d79) Importer(815301076,1909f56bfc062723c751e8b465ee728b)
Start importing Assets/Resources/Models/Wohnring_Blender.blend using Guid(4c7202246f7b5004493ace488caf6d79) Importer(815301076,1909f56bfc062723c751e8b465ee728b)  -> (artifact id: 'f0e2049195b2460abc1846e947a530f9') in 3.193738 seconds
Number of updated asset objects reloaded before import = 0
Number of asset objects unloaded after import = 897
========================================================================
Received Import Request.
  Time since last request: 348.766741 seconds.
  path: Assets/Scripts/MakeTransparent.cs
  artifactKey: Guid(897a6677643c5644b93f66ba5b8f4b47) Importer(815301076,1909f56bfc062723c751e8b465ee728b)
Start importing Assets/Scripts/MakeTransparent.cs using Guid(897a6677643c5644b93f66ba5b8f4b47) Importer(815301076,1909f56bfc062723c751e8b465ee728b)  -> (artifact id: '2f97f38edbc4b1b4863e56d07247b56e') in 0.002887 seconds
Number of updated asset objects reloaded before import = 0
Number of asset objects unloaded after import = 0
========================================================================
Received Import Request.
  Time since last request: 1.036694 seconds.
  path: Assets/Scripts/ModelManager.cs
  artifactKey: Guid(ded365b092f45734798d03cc6d31299a) Importer(815301076,1909f56bfc062723c751e8b465ee728b)
Start importing Assets/Scripts/ModelManager.cs using Guid(ded365b092f45734798d03cc6d31299a) Importer(815301076,1909f56bfc062723c751e8b465ee728b)  -> (artifact id: 'd2e7d9d5ffcbd9e4ab5c257367ff9003') in 0.001453 seconds
Number of updated asset objects reloaded before import = 0
Number of asset objects unloaded after import = 0
========================================================================
Received Import Request.
  Time since last request: 0.666912 seconds.
  path: Assets/Scripts/MoveSelectionGrid.cs
  artifactKey: Guid(63d354fa92b19da4daa541ce676225e6) Importer(815301076,1909f56bfc062723c751e8b465ee728b)
Start importing Assets/Scripts/MoveSelectionGrid.cs using Guid(63d354fa92b19da4daa541ce676225e6) Importer(815301076,1909f56bfc062723c751e8b465ee728b)  -> (artifact id: 'ddc512d46f0b256530fc6eacd18a73de') in 0.001619 seconds
Number of updated asset objects reloaded before import = 0
Number of asset objects unloaded after import = 0
========================================================================
Received Import Request.
  Time since last request: 0.714441 seconds.
  path: Assets/Scripts/Screenshot.cs
  artifactKey: Guid(b9000eaf589368d4f88a2fbda79a4d61) Importer(815301076,1909f56bfc062723c751e8b465ee728b)
Start importing Assets/Scripts/Screenshot.cs using Guid(b9000eaf589368d4f88a2fbda79a4d61) Importer(815301076,1909f56bfc062723c751e8b465ee728b)  -> (artifact id: '9e179aca2273d899cdb88e20e2f8c707') in 0.001032 seconds
Number of updated asset objects reloaded before import = 0
Number of asset objects unloaded after import = 0
========================================================================
Received Import Request.
  Time since last request: 0.873920 seconds.
  path: Assets/Scripts/SelectGrid.cs
  artifactKey: Guid(0434ce85805329b45bf5efc1c7378397) Importer(815301076,1909f56bfc062723c751e8b465ee728b)
Start importing Assets/Scripts/SelectGrid.cs using Guid(0434ce85805329b45bf5efc1c7378397) Importer(815301076,1909f56bfc062723c751e8b465ee728b)  -> (artifact id: '2f860199a5821f5f8a98ae3c7744ce4a') in 0.000921 seconds
Number of updated asset objects reloaded before import = 0
Number of asset objects unloaded after import = 0
========================================================================
Received Import Request.
  Time since last request: 0.490781 seconds.
  path: Assets/Scripts/TextInputHandler.cs
  artifactKey: Guid(ba97f61187efcdf4089e99eb5ef075c8) Importer(815301076,1909f56bfc062723c751e8b465ee728b)
Start importing Assets/Scripts/TextInputHandler.cs using Guid(ba97f61187efcdf4089e99eb5ef075c8) Importer(815301076,1909f56bfc062723c751e8b465ee728b)  -> (artifact id: '2481eb70d6ca4a1bbb7cae8d0282f1f4') in 0.001010 seconds
Number of updated asset objects reloaded before import = 0
Number of asset objects unloaded after import = 0
